<?xml version="1.0" encoding="UTF-8"?>
<testng-results ignored="0" total="16" passed="16" failed="0" skipped="0">
  <reporter-output>
  </reporter-output>
  <suite started-at="2024-10-10T15:32:27 IST" name="Suite" finished-at="2024-10-10T15:37:20 IST" duration-ms="293060">
    <groups>
      <group name="cucumber">
        <method signature="AbstractTestNGCucumberTests.runScenario(io.cucumber.testng.PickleWrapper,io.cucumber.testng.FeatureWrapper)[pri:0, instance:features.TestNGTestRunner@1e6a3214]" name="runScenario" class="io.cucumber.testng.AbstractTestNGCucumberTests"/>
        <method signature="AbstractTestNGCucumberTests.runScenario(io.cucumber.testng.PickleWrapper,io.cucumber.testng.FeatureWrapper)[pri:0, instance:features.TestNGTestRunner@663c9e7a]" name="runScenario" class="io.cucumber.testng.AbstractTestNGCucumberTests"/>
      </group> <!-- cucumber -->
    </groups>
    <test started-at="2024-10-10T15:32:27 IST" name="My first test" finished-at="2024-10-10T15:35:58 IST" duration-ms="211183">
      <class name="features.TestNGTestRunner">
        <test-method is-config="true" signature="setUpClass(org.testng.ITestContext)[pri:0, instance:features.TestNGTestRunner@1e6a3214]" started-at="2024-10-10T15:32:27 IST" name="setUpClass" finished-at="2024-10-10T15:32:27 IST" duration-ms="897" status="PASS">
          <params>
            <param index="0">
              <value>
                <![CDATA[org.testng.TestRunner@3ad558bf]]>
              </value>
            </param>
          </params>
          <reporter-output>
          </reporter-output>
        </test-method> <!-- setUpClass -->
        <test-method signature="runScenario(io.cucumber.testng.PickleWrapper,io.cucumber.testng.FeatureWrapper)[pri:0, instance:features.TestNGTestRunner@1e6a3214]" started-at="2024-10-10T15:32:27 IST" name="runScenario" description="Runs Cucumber Scenarios" data-provider="scenarios" finished-at="2024-10-10T15:34:43 IST" duration-ms="135220" status="PASS">
          <params>
            <param index="0">
              <value>
                <![CDATA["Cart Page"]]>
              </value>
            </param>
            <param index="1">
              <value>
                <![CDATA["Random test to navigate on Cart"]]>
              </value>
            </param>
          </params>
          <reporter-output>
          </reporter-output>
        </test-method> <!-- runScenario -->
        <test-method signature="runScenario(io.cucumber.testng.PickleWrapper,io.cucumber.testng.FeatureWrapper)[pri:0, instance:features.TestNGTestRunner@1e6a3214]" started-at="2024-10-10T15:34:43 IST" name="runScenario" description="Runs Cucumber Scenarios" data-provider="scenarios" finished-at="2024-10-10T15:34:59 IST" duration-ms="16764" status="PASS">
          <params>
            <param index="0">
              <value>
                <![CDATA["User should able to place an order successfully"]]>
              </value>
            </param>
            <param index="1">
              <value>
                <![CDATA["Process to place an order"]]>
              </value>
            </param>
          </params>
          <reporter-output>
          </reporter-output>
        </test-method> <!-- runScenario -->
        <test-method signature="runScenario(io.cucumber.testng.PickleWrapper,io.cucumber.testng.FeatureWrapper)[pri:0, instance:features.TestNGTestRunner@1e6a3214]" started-at="2024-10-10T15:34:59 IST" name="runScenario" description="Runs Cucumber Scenarios" data-provider="scenarios" finished-at="2024-10-10T15:35:16 IST" duration-ms="16852" status="PASS">
          <params>
            <param index="0">
              <value>
                <![CDATA["User should able to place an order successfully"]]>
              </value>
            </param>
            <param index="1">
              <value>
                <![CDATA["Process to place an order"]]>
              </value>
            </param>
          </params>
          <reporter-output>
          </reporter-output>
        </test-method> <!-- runScenario -->
        <test-method signature="runScenario(io.cucumber.testng.PickleWrapper,io.cucumber.testng.FeatureWrapper)[pri:0, instance:features.TestNGTestRunner@1e6a3214]" started-at="2024-10-10T15:35:16 IST" name="runScenario" description="Runs Cucumber Scenarios" data-provider="scenarios" finished-at="2024-10-10T15:35:25 IST" duration-ms="8324" status="PASS">
          <params>
            <param index="0">
              <value>
                <![CDATA["Successful login"]]>
              </value>
            </param>
            <param index="1">
              <value>
                <![CDATA["User Login"]]>
              </value>
            </param>
          </params>
          <reporter-output>
          </reporter-output>
        </test-method> <!-- runScenario -->
        <test-method signature="runScenario(io.cucumber.testng.PickleWrapper,io.cucumber.testng.FeatureWrapper)[pri:0, instance:features.TestNGTestRunner@1e6a3214]" started-at="2024-10-10T15:35:25 IST" name="runScenario" description="Runs Cucumber Scenarios" data-provider="scenarios" finished-at="2024-10-10T15:35:31 IST" duration-ms="6170" status="PASS">
          <params>
            <param index="0">
              <value>
                <![CDATA["Unsuccessful Login"]]>
              </value>
            </param>
            <param index="1">
              <value>
                <![CDATA["User Login"]]>
              </value>
            </param>
          </params>
          <reporter-output>
          </reporter-output>
        </test-method> <!-- runScenario -->
        <test-method signature="runScenario(io.cucumber.testng.PickleWrapper,io.cucumber.testng.FeatureWrapper)[pri:0, instance:features.TestNGTestRunner@1e6a3214]" started-at="2024-10-10T15:35:31 IST" name="runScenario" description="Runs Cucumber Scenarios" data-provider="scenarios" finished-at="2024-10-10T15:35:37 IST" duration-ms="6477" status="PASS">
          <params>
            <param index="0">
              <value>
                <![CDATA["Unsuccessful Login"]]>
              </value>
            </param>
            <param index="1">
              <value>
                <![CDATA["User Login"]]>
              </value>
            </param>
          </params>
          <reporter-output>
          </reporter-output>
        </test-method> <!-- runScenario -->
        <test-method signature="runScenario(io.cucumber.testng.PickleWrapper,io.cucumber.testng.FeatureWrapper)[pri:0, instance:features.TestNGTestRunner@1e6a3214]" started-at="2024-10-10T15:35:37 IST" name="runScenario" description="Runs Cucumber Scenarios" data-provider="scenarios" finished-at="2024-10-10T15:35:47 IST" duration-ms="10185" status="PASS">
          <params>
            <param index="0">
              <value>
                <![CDATA["Success during Registration with New User"]]>
              </value>
            </param>
            <param index="1">
              <value>
                <![CDATA["User Registration"]]>
              </value>
            </param>
          </params>
          <reporter-output>
          </reporter-output>
        </test-method> <!-- runScenario -->
        <test-method signature="runScenario(io.cucumber.testng.PickleWrapper,io.cucumber.testng.FeatureWrapper)[pri:0, instance:features.TestNGTestRunner@1e6a3214]" started-at="2024-10-10T15:35:47 IST" name="runScenario" description="Runs Cucumber Scenarios" data-provider="scenarios" finished-at="2024-10-10T15:35:58 IST" duration-ms="10186" status="PASS">
          <params>
            <param index="0">
              <value>
                <![CDATA["Failure during Registration"]]>
              </value>
            </param>
            <param index="1">
              <value>
                <![CDATA["User Registration"]]>
              </value>
            </param>
          </params>
          <reporter-output>
          </reporter-output>
        </test-method> <!-- runScenario -->
        <test-method is-config="true" signature="tearDownClass()[pri:0, instance:features.TestNGTestRunner@1e6a3214]" started-at="2024-10-10T15:35:58 IST" name="tearDownClass" finished-at="2024-10-10T15:35:58 IST" duration-ms="43" status="PASS">
          <reporter-output>
          </reporter-output>
        </test-method> <!-- tearDownClass -->
      </class> <!-- features.TestNGTestRunner -->
    </test> <!-- My first test -->
    <test started-at="2024-10-10T15:35:58 IST" name="My second test" finished-at="2024-10-10T15:37:20 IST" duration-ms="81827">
      <class name="features.TestNGTestRunner">
        <test-method is-config="true" signature="setUpClass(org.testng.ITestContext)[pri:0, instance:features.TestNGTestRunner@663c9e7a]" started-at="2024-10-10T15:35:58 IST" name="setUpClass" finished-at="2024-10-10T15:35:58 IST" duration-ms="45" status="PASS">
          <params>
            <param index="0">
              <value>
                <![CDATA[org.testng.TestRunner@1826475]]>
              </value>
            </param>
          </params>
          <reporter-output>
          </reporter-output>
        </test-method> <!-- setUpClass -->
        <test-method signature="runScenario(io.cucumber.testng.PickleWrapper,io.cucumber.testng.FeatureWrapper)[pri:0, instance:features.TestNGTestRunner@663c9e7a]" started-at="2024-10-10T15:35:58 IST" name="runScenario" description="Runs Cucumber Scenarios" data-provider="scenarios" finished-at="2024-10-10T15:36:03 IST" duration-ms="4911" status="PASS">
          <params>
            <param index="0">
              <value>
                <![CDATA["Cart Page"]]>
              </value>
            </param>
            <param index="1">
              <value>
                <![CDATA["Random test to navigate on Cart"]]>
              </value>
            </param>
          </params>
          <reporter-output>
          </reporter-output>
        </test-method> <!-- runScenario -->
        <test-method signature="runScenario(io.cucumber.testng.PickleWrapper,io.cucumber.testng.FeatureWrapper)[pri:0, instance:features.TestNGTestRunner@663c9e7a]" started-at="2024-10-10T15:36:03 IST" name="runScenario" description="Runs Cucumber Scenarios" data-provider="scenarios" finished-at="2024-10-10T15:36:19 IST" duration-ms="16475" status="PASS">
          <params>
            <param index="0">
              <value>
                <![CDATA["User should able to place an order successfully"]]>
              </value>
            </param>
            <param index="1">
              <value>
                <![CDATA["Process to place an order"]]>
              </value>
            </param>
          </params>
          <reporter-output>
          </reporter-output>
        </test-method> <!-- runScenario -->
        <test-method signature="runScenario(io.cucumber.testng.PickleWrapper,io.cucumber.testng.FeatureWrapper)[pri:0, instance:features.TestNGTestRunner@663c9e7a]" started-at="2024-10-10T15:36:19 IST" name="runScenario" description="Runs Cucumber Scenarios" data-provider="scenarios" finished-at="2024-10-10T15:36:36 IST" duration-ms="16461" status="PASS">
          <params>
            <param index="0">
              <value>
                <![CDATA["User should able to place an order successfully"]]>
              </value>
            </param>
            <param index="1">
              <value>
                <![CDATA["Process to place an order"]]>
              </value>
            </param>
          </params>
          <reporter-output>
          </reporter-output>
        </test-method> <!-- runScenario -->
        <test-method signature="runScenario(io.cucumber.testng.PickleWrapper,io.cucumber.testng.FeatureWrapper)[pri:0, instance:features.TestNGTestRunner@663c9e7a]" started-at="2024-10-10T15:36:36 IST" name="runScenario" description="Runs Cucumber Scenarios" data-provider="scenarios" finished-at="2024-10-10T15:36:43 IST" duration-ms="7835" status="PASS">
          <params>
            <param index="0">
              <value>
                <![CDATA["Successful login"]]>
              </value>
            </param>
            <param index="1">
              <value>
                <![CDATA["User Login"]]>
              </value>
            </param>
          </params>
          <reporter-output>
          </reporter-output>
        </test-method> <!-- runScenario -->
        <test-method signature="runScenario(io.cucumber.testng.PickleWrapper,io.cucumber.testng.FeatureWrapper)[pri:0, instance:features.TestNGTestRunner@663c9e7a]" started-at="2024-10-10T15:36:43 IST" name="runScenario" description="Runs Cucumber Scenarios" data-provider="scenarios" finished-at="2024-10-10T15:36:49 IST" duration-ms="5611" status="PASS">
          <params>
            <param index="0">
              <value>
                <![CDATA["Unsuccessful Login"]]>
              </value>
            </param>
            <param index="1">
              <value>
                <![CDATA["User Login"]]>
              </value>
            </param>
          </params>
          <reporter-output>
          </reporter-output>
        </test-method> <!-- runScenario -->
        <test-method signature="runScenario(io.cucumber.testng.PickleWrapper,io.cucumber.testng.FeatureWrapper)[pri:0, instance:features.TestNGTestRunner@663c9e7a]" started-at="2024-10-10T15:36:49 IST" name="runScenario" description="Runs Cucumber Scenarios" data-provider="scenarios" finished-at="2024-10-10T15:36:55 IST" duration-ms="6144" status="PASS">
          <params>
            <param index="0">
              <value>
                <![CDATA["Unsuccessful Login"]]>
              </value>
            </param>
            <param index="1">
              <value>
                <![CDATA["User Login"]]>
              </value>
            </param>
          </params>
          <reporter-output>
          </reporter-output>
        </test-method> <!-- runScenario -->
        <test-method signature="runScenario(io.cucumber.testng.PickleWrapper,io.cucumber.testng.FeatureWrapper)[pri:0, instance:features.TestNGTestRunner@663c9e7a]" started-at="2024-10-10T15:36:55 IST" name="runScenario" description="Runs Cucumber Scenarios" data-provider="scenarios" finished-at="2024-10-10T15:37:10 IST" duration-ms="14969" status="PASS">
          <params>
            <param index="0">
              <value>
                <![CDATA["Success during Registration with New User"]]>
              </value>
            </param>
            <param index="1">
              <value>
                <![CDATA["User Registration"]]>
              </value>
            </param>
          </params>
          <reporter-output>
          </reporter-output>
        </test-method> <!-- runScenario -->
        <test-method signature="runScenario(io.cucumber.testng.PickleWrapper,io.cucumber.testng.FeatureWrapper)[pri:0, instance:features.TestNGTestRunner@663c9e7a]" started-at="2024-10-10T15:37:10 IST" name="runScenario" description="Runs Cucumber Scenarios" data-provider="scenarios" finished-at="2024-10-10T15:37:20 IST" duration-ms="9333" status="PASS">
          <params>
            <param index="0">
              <value>
                <![CDATA["Failure during Registration"]]>
              </value>
            </param>
            <param index="1">
              <value>
                <![CDATA["User Registration"]]>
              </value>
            </param>
          </params>
          <reporter-output>
          </reporter-output>
        </test-method> <!-- runScenario -->
        <test-method is-config="true" signature="tearDownClass()[pri:0, instance:features.TestNGTestRunner@663c9e7a]" started-at="2024-10-10T15:37:20 IST" name="tearDownClass" finished-at="2024-10-10T15:37:20 IST" duration-ms="29" status="PASS">
          <reporter-output>
          </reporter-output>
        </test-method> <!-- tearDownClass -->
      </class> <!-- features.TestNGTestRunner -->
    </test> <!-- My second test -->
  </suite> <!-- Suite -->
</testng-results>
